TN:
SF:src\api.tsx
FN:1,callCallback
FN:6,callPromise
FNF:2
FNH:2
FNDA:1,callCallback
FNDA:3,callPromise
DA:1,1
DA:2,1
DA:3,1
DA:4,1
DA:5,1
DA:6,1
DA:7,3
DA:8,3
DA:9,2
DA:10,3
DA:11,3
DA:12,3
LF:12
LH:12
BRDA:1,0,0,1
BRDA:2,1,0,1
BRDA:6,2,0,3
BRDA:7,3,0,3
BRDA:8,4,0,2
BRF:5
BRH:5
end_of_record
TN:
SF:src\domUtils.tsx
FN:1,remove
FN:5,addEventListener
FNF:2
FNH:2
FNDA:1,remove
FNDA:1,addEventListener
DA:1,1
DA:2,1
DA:3,1
DA:4,1
DA:5,1
DA:6,1
DA:7,1
LF:7
LH:7
BRDA:1,0,0,1
BRDA:5,1,0,1
BRF:2
BRH:2
end_of_record
TN:
SF:src\math.js
FN:5,add
FN:9,minus
FN:13,multiply
FN:17,divide
FNF:4
FNH:4
FNDA:2,add
FNDA:1,minus
FNDA:1,multiply
FNDA:1,divide
DA:1,1
DA:2,1
DA:3,1
DA:4,1
DA:5,2
DA:6,2
DA:7,2
DA:8,1
DA:9,1
DA:10,1
DA:11,1
DA:12,1
DA:13,1
DA:14,1
DA:15,1
DA:16,1
DA:17,1
DA:18,1
DA:19,1
DA:20,1
DA:21,1
DA:22,1
DA:23,1
DA:24,1
DA:25,1
DA:26,1
DA:27,1
DA:28,1
DA:29,1
DA:30,1
DA:31,1
DA:32,1
DA:33,1
DA:34,1
DA:35,1
DA:36,1
DA:37,1
LF:37
LH:37
BRDA:5,0,0,2
BRDA:9,1,0,1
BRDA:13,2,0,1
BRDA:17,3,0,1
BRF:4
BRH:4
end_of_record
TN:
SF:src\mock.tsx
FN:2,exec
FN:7,createInstance
FN:11,getUsers
FN:15,delay
FNF:4
FNH:4
FNDA:1,exec
FNDA:1,createInstance
FNDA:1,getUsers
FNDA:1,delay
DA:1,1
DA:2,1
DA:3,1
DA:4,1
DA:5,1
DA:6,1
DA:7,1
DA:8,1
DA:9,1
DA:10,1
DA:11,1
DA:12,1
DA:13,1
DA:14,1
DA:15,1
DA:16,1
DA:17,1
DA:18,1
DA:19,1
LF:19
LH:19
BRDA:2,0,0,1
BRDA:7,1,0,1
BRDA:11,2,0,1
BRDA:15,3,0,1
BRDA:16,4,0,1
BRF:5
BRH:5
end_of_record
